#
# There is insufficient memory for the Java Runtime Environment to continue.
# Native memory allocation (malloc) failed to allocate 2226736 bytes for Chunk::new
# Possible reasons:
#   The system is out of physical RAM or swap space
#   The process is running with CompressedOops enabled, and the Java Heap may be blocking the growth of the native heap
# Possible solutions:
#   Reduce memory load on the system
#   Increase physical memory or swap space
#   Check if swap backing store is full
#   Decrease Java heap size (-Xmx/-Xms)
#   Decrease number of Java threads
#   Decrease Java thread stack sizes (-Xss)
#   Set larger code cache with -XX:ReservedCodeCacheSize=
#   JVM is running with Unscaled Compressed Oops mode in which the Java heap is
#     placed in the first 4GB address space. The Java Heap base address is the
#     maximum limit for the native heap growth. Please use -XX:HeapBaseMinAddress
#     to set the Java Heap base and to place the Java Heap above 4GB virtual address.
# This output file may be truncated or incomplete.
#
#  Out of Memory Error (allocation.cpp:389), pid=20612, tid=0x000000000000111c
#
# JRE version: OpenJDK Runtime Environment (8.0_202-b03) (build 1.8.0_202-release-1483-b03)
# Java VM: OpenJDK 64-Bit Server VM (25.202-b03 mixed mode windows-amd64 compressed oops)
# Failed to write core dump. Minidumps are not enabled by default on client versions of Windows
#

---------------  T H R E A D  ---------------

Current thread (0x00000000189be800):  JavaThread "C2 CompilerThread1" daemon [_thread_in_native, id=4380, stack(0x0000000019390000,0x0000000019490000)]

Stack: [0x0000000019390000,0x0000000019490000]
[error occurred during error reporting (printing stack bounds), id 0xc0000005]

Native frames: (J=compiled Java code, j=interpreted, Vv=VM code, C=native code)


Current CompileTask:
C2:   4370 4017       4       com.sun.beans.TypeResolver::resolve (37 bytes)


---------------  P R O C E S S  ---------------

Java Threads: ( => current thread )
  0x000000001bf62800 JavaThread "Cache worker for Build Output Cleanup Cache (C:\Python27\SUBER\Suber-again\.gradle\buildOutputCleanup)" [_thread_blocked, id=22296, stack(0x0000000023950000,0x0000000023a50000)]
  0x000000001bf61800 JavaThread "Build operations Thread 8" [_thread_blocked, id=21404, stack(0x0000000023450000,0x0000000023550000)]
  0x000000001bf60800 JavaThread "Build operations Thread 7" [_thread_blocked, id=22340, stack(0x0000000023350000,0x0000000023450000)]
  0x000000001bf60000 JavaThread "Build operations Thread 6" [_thread_blocked, id=9520, stack(0x0000000023250000,0x0000000023350000)]
  0x000000001bf5f000 JavaThread "Build operations Thread 5" [_thread_blocked, id=21552, stack(0x0000000023150000,0x0000000023250000)]
  0x000000001bf57800 JavaThread "Build operations Thread 4" [_thread_blocked, id=20956, stack(0x0000000023050000,0x0000000023150000)]
  0x000000001bf5e800 JavaThread "Build operations Thread 3" [_thread_blocked, id=11168, stack(0x0000000022f50000,0x0000000023050000)]
  0x000000001bf5d800 JavaThread "Build operations Thread 2" [_thread_blocked, id=8992, stack(0x0000000022e50000,0x0000000022f50000)]
  0x000000001bf57000 JavaThread "Build operations" [_thread_blocked, id=13548, stack(0x0000000022d50000,0x0000000022e50000)]
  0x000000001bf56000 JavaThread "Cache worker for execution history cache (C:\Users\Roy Hendel\.gradle\caches\5.4.1\executionHistory)" [_thread_blocked, id=10068, stack(0x0000000022450000,0x0000000022550000)]
  0x000000001bf5d000 JavaThread "Cache worker for cache directory md-rule (C:\Users\Roy Hendel\.gradle\caches\5.4.1\md-rule)" [_thread_blocked, id=19536, stack(0x0000000022350000,0x0000000022450000)]
  0x000000001bf59000 JavaThread "Cache worker for cache directory md-supplier (C:\Users\Roy Hendel\.gradle\caches\5.4.1\md-supplier)" [_thread_blocked, id=7984, stack(0x0000000022250000,0x0000000022350000)]
  0x000000001a019000 JavaThread "Cache worker for file hash cache (C:\Python27\SUBER\Suber-again\.gradle\5.4.1\fileHashes)" [_thread_blocked, id=21828, stack(0x000000001f950000,0x000000001fa50000)]
  0x000000001a01a000 JavaThread "Cache worker for journal cache (C:\Users\Roy Hendel\.gradle\caches\journal-1)" [_thread_blocked, id=16480, stack(0x000000001d4b0000,0x000000001d5b0000)]
  0x000000001a01c000 JavaThread "File lock request listener" [_thread_in_native, id=11048, stack(0x000000001d3b0000,0x000000001d4b0000)]
  0x000000001a01b800 JavaThread "Cache worker for file hash cache (C:\Users\Roy Hendel\.gradle\caches\5.4.1\fileHashes)" [_thread_blocked, id=22712, stack(0x000000001d2b0000,0x000000001d3b0000)]
  0x000000001a6a5800 JavaThread "Thread-9" [_thread_blocked, id=7956, stack(0x000000001d1b0000,0x000000001d2b0000)]
  0x000000001a6a4000 JavaThread "Stdin handler" [_thread_blocked, id=11040, stack(0x000000001d0b0000,0x000000001d1b0000)]
  0x000000001aa6c000 JavaThread "Asynchronous log dispatcher for DefaultDaemonConnection: socket connection from /127.0.0.1:63275 to /127.0.0.1:63276" [_thread_blocked, id=13024, stack(0x000000001cfb0000,0x000000001d0b0000)]
  0x000000001b2bb000 JavaThread "Daemon worker" [_thread_in_Java, id=7664, stack(0x000000001ceb0000,0x000000001cfb0000)]
  0x000000001b2ba000 JavaThread "Cancel handler" [_thread_blocked, id=20016, stack(0x000000001cdb0000,0x000000001ceb0000)]
  0x000000001a8ea800 JavaThread "Handler for socket connection from /127.0.0.1:63275 to /127.0.0.1:63276" [_thread_in_native, id=14996, stack(0x000000001cab0000,0x000000001cbb0000)]
  0x000000001ad63800 JavaThread "Daemon" [_thread_blocked, id=19580, stack(0x000000001c9b0000,0x000000001cab0000)]
  0x000000001b565000 JavaThread "Daemon periodic checks" [_thread_blocked, id=15500, stack(0x000000001c8b0000,0x000000001c9b0000)]
  0x000000001aa1f800 JavaThread "Incoming local TCP Connector on port 63275" [_thread_in_native, id=23196, stack(0x000000001c670000,0x000000001c770000)]
  0x000000001b64e000 JavaThread "Daemon health stats" [_thread_blocked, id=3988, stack(0x000000001c030000,0x000000001c130000)]
  0x0000000018a4c000 JavaThread "Service Thread" daemon [_thread_blocked, id=14160, stack(0x0000000019690000,0x0000000019790000)]
  0x00000000189cb000 JavaThread "C1 CompilerThread3" daemon [_thread_blocked, id=3452, stack(0x0000000019590000,0x0000000019690000)]
  0x00000000189c0000 JavaThread "C2 CompilerThread2" daemon [_thread_in_native, id=12312, stack(0x0000000019490000,0x0000000019590000)]
=>0x00000000189be800 JavaThread "C2 CompilerThread1" daemon [_thread_in_native, id=4380, stack(0x0000000019390000,0x0000000019490000)]
  0x00000000189bb000 JavaThread "C2 CompilerThread0" daemon [_thread_in_native, id=4368, stack(0x0000000019290000,0x0000000019390000)]
  0x00000000189ba000 JavaThread "Attach Listener" daemon [_thread_blocked, id=18988, stack(0x0000000019190000,0x0000000019290000)]
  0x00000000189b9000 JavaThread "Signal Dispatcher" daemon [_thread_blocked, id=7052, stack(0x0000000019090000,0x0000000019190000)]
  0x0000000002df9800 JavaThread "Finalizer" daemon [_thread_blocked, id=4000, stack(0x0000000018e90000,0x0000000018f90000)]
  0x0000000002df6800 JavaThread "Reference Handler" daemon [_thread_blocked, id=17904, stack(0x0000000018d90000,0x0000000018e90000)]
  0x0000000002cfe800 JavaThread "main" [_thread_blocked, id=22252, stack(0x0000000002b40000,0x0000000002c40000)]

Other Threads:
  0x0000000016bb6800 VMThread [stack: 0x0000000018890000,0x0000000018990000] [id=22280]
  0x0000000018a4d000 WatcherThread [stack: 0x0000000019790000,0x0000000019890000] [id=4564]

VM state:not at safepoint (normal execution)

VM Mutex/Monitor currently owned by a thread: None

heap address: 0x00000000a0000000, size: 1536 MB, Compressed Oops mode: 32-bit
Narrow klass base: 0x0000000000000000, Narrow klass shift: 3
Compressed class space size: 1073741824 Address: 0x0000000100000000

Heap:
 PSYoungGen      total 161280K, used 29599K [0x00000000e0000000, 0x00000000ef080000, 0x0000000100000000)
  eden space 147968K, 11% used [0x00000000e0000000,0x00000000e0fed690,0x00000000e9080000)
  from space 13312K, 99% used [0x00000000e9080000,0x00000000e9d7a628,0x00000000e9d80000)
  to   space 17408K, 0% used [0x00000000edf80000,0x00000000edf80000,0x00000000ef080000)
 ParOldGen       total 172544K, used 22237K [0x00000000a0000000, 0x00000000aa880000, 0x00000000e0000000)
  object space 172544K, 12% used [0x00000000a0000000,0x00000000a15b7660,0x00000000aa880000)
 Metaspace       used 49039K, capacity 50284K, committed 50520K, reserved 1093632K
  class space    used 6620K, capacity 6953K, committed 7040K, reserved 1048576K

Card table byte_map: [0x00000000121c0000,0x00000000124d0000] byte_map_base: 0x0000000011cc0000

Marking Bits: (ParMarkBitMap*) 0x000000006fc49f30
 Begin Bits: [0x0000000012ed0000, 0x00000000146d0000)
 End Bits:   [0x00000000146d0000, 0x0000000015ed0000)

Polling page: 0x00000000012e0000

CodeCache: size=245760Kb used=14848Kb max_used=14848Kb free=230911Kb
 bounds [0x0000000002e00000, 0x0000000003c90000, 0x0000000011e00000]
 total_blobs=5045 nmethods=4281 adapters=677
 compilation: enabled

Compilation events (10 events):
Event: 4.313 Thread 0x00000000189bb000 4221   !   4       java.util.WeakHashMap::expungeStaleEntries (139 bytes)
Event: 4.319 Thread 0x00000000189bb000 nmethod 4221 0x0000000003c6bc50 code [0x0000000003c6bdc0, 0x0000000003c6c7f8]
Event: 4.355 Thread 0x00000000189cb000 4222       3       kotlin.reflect.jvm.internal.impl.protobuf.CodedInputStream::readRawVarint32 (233 bytes)
Event: 4.355 Thread 0x00000000189cb000 nmethod 4222 0x0000000003c67810 code [0x0000000003c679c0, 0x0000000003c68108]
Event: 4.356 Thread 0x00000000189cb000 4223       3       kotlin.reflect.jvm.internal.impl.protobuf.CodedInputStream::readTag (41 bytes)
Event: 4.357 Thread 0x00000000189cb000 nmethod 4223 0x0000000003c67050 code [0x0000000003c671e0, 0x0000000003c676c8]
Event: 4.357 Thread 0x00000000189cb000 4224       3       kotlin.reflect.jvm.internal.impl.protobuf.CodedInputStream::isAtEnd (25 bytes)
Event: 4.357 Thread 0x00000000189cb000 nmethod 4224 0x0000000003c66c10 code [0x0000000003c66d80, 0x0000000003c66fa8]
Event: 4.357 Thread 0x00000000189cb000 4225       3       kotlin.reflect.jvm.internal.impl.protobuf.WireFormat::getTagFieldNumber (4 bytes)
Event: 4.357 Thread 0x00000000189cb000 nmethod 4225 0x0000000003c66910 code [0x0000000003c66a60, 0x0000000003c66b90]

GC Heap History (10 events):
Event: 2.348 GC heap before
{Heap before GC invocations=5 (full 1):
 PSYoungGen      total 76288K, used 65536K [0x00000000e0000000, 0x00000000e9500000, 0x0000000100000000)
  eden space 65536K, 100% used [0x00000000e0000000,0x00000000e4000000,0x00000000e4000000)
  from space 10752K, 0% used [0x00000000e4000000,0x00000000e4000000,0x00000000e4a80000)
  to   space 10752K, 0% used [0x00000000e8a80000,0x00000000e8a80000,0x00000000e9500000)
 ParOldGen       total 112128K, used 11096K [0x00000000a0000000, 0x00000000a6d80000, 0x00000000e0000000)
  object space 112128K, 9% used [0x00000000a0000000,0x00000000a0ad6388,0x00000000a6d80000)
 Metaspace       used 28524K, capacity 28916K, committed 29184K, reserved 1075200K
  class space    used 3853K, capacity 4011K, committed 4096K, reserved 1048576K
Event: 2.354 GC heap after
Heap after GC invocations=5 (full 1):
 PSYoungGen      total 104960K, used 7604K [0x00000000e0000000, 0x00000000e9200000, 0x0000000100000000)
  eden space 97280K, 0% used [0x00000000e0000000,0x00000000e0000000,0x00000000e5f00000)
  from space 7680K, 99% used [0x00000000e8a80000,0x00000000e91ed200,0x00000000e9200000)
  to   space 10752K, 0% used [0x00000000e7d00000,0x00000000e7d00000,0x00000000e8780000)
 ParOldGen       total 112128K, used 11104K [0x00000000a0000000, 0x00000000a6d80000, 0x00000000e0000000)
  object space 112128K, 9% used [0x00000000a0000000,0x00000000a0ad8388,0x00000000a6d80000)
 Metaspace       used 28524K, capacity 28916K, committed 29184K, reserved 1075200K
  class space    used 3853K, capacity 4011K, committed 4096K, reserved 1048576K
}
Event: 2.915 GC heap before
{Heap before GC invocations=6 (full 1):
 PSYoungGen      total 104960K, used 104884K [0x00000000e0000000, 0x00000000e9200000, 0x0000000100000000)
  eden space 97280K, 100% used [0x00000000e0000000,0x00000000e5f00000,0x00000000e5f00000)
  from space 7680K, 99% used [0x00000000e8a80000,0x00000000e91ed200,0x00000000e9200000)
  to   space 10752K, 0% used [0x00000000e7d00000,0x00000000e7d00000,0x00000000e8780000)
 ParOldGen       total 112128K, used 11104K [0x00000000a0000000, 0x00000000a6d80000, 0x00000000e0000000)
  object space 112128K, 9% used [0x00000000a0000000,0x00000000a0ad83a8,0x00000000a6d80000)
 Metaspace       used 33604K, capacity 34182K, committed 34560K, reserved 1079296K
  class space    used 4630K, capacity 4826K, committed 4864K, reserved 1048576K
Event: 2.925 GC heap after
Heap after GC invocations=6 (full 1):
 PSYoungGen      total 138752K, used 10732K [0x00000000e0000000, 0x00000000eab00000, 0x0000000100000000)
  eden space 128000K, 0% used [0x00000000e0000000,0x00000000e0000000,0x00000000e7d00000)
  from space 10752K, 99% used [0x00000000e7d00000,0x00000000e877b040,0x00000000e8780000)
  to   space 13824K, 0% used [0x00000000e9d80000,0x00000000e9d80000,0x00000000eab00000)
 ParOldGen       total 112128K, used 11528K [0x00000000a0000000, 0x00000000a6d80000, 0x00000000e0000000)
  object space 112128K, 10% used [0x00000000a0000000,0x00000000a0b42118,0x00000000a6d80000)
 Metaspace       used 33604K, capacity 34182K, committed 34560K, reserved 1079296K
  class space    used 4630K, capacity 4826K, committed 4864K, reserved 1048576K
}
Event: 3.134 GC heap before
{Heap before GC invocations=7 (full 1):
 PSYoungGen      total 138752K, used 34383K [0x00000000e0000000, 0x00000000eab00000, 0x0000000100000000)
  eden space 128000K, 18% used [0x00000000e0000000,0x00000000e1718d30,0x00000000e7d00000)
  from space 10752K, 99% used [0x00000000e7d00000,0x00000000e877b040,0x00000000e8780000)
  to   space 13824K, 0% used [0x00000000e9d80000,0x00000000e9d80000,0x00000000eab00000)
 ParOldGen       total 112128K, used 11528K [0x00000000a0000000, 0x00000000a6d80000, 0x00000000e0000000)
  object space 112128K, 10% used [0x00000000a0000000,0x00000000a0b42118,0x00000000a6d80000)
 Metaspace       used 34623K, capacity 35238K, committed 35416K, reserved 1079296K
  class space    used 4757K, capacity 4944K, committed 4992K, reserved 1048576K
Event: 3.143 GC heap after
Heap after GC invocations=7 (full 1):
 PSYoungGen      total 161792K, used 9666K [0x00000000e0000000, 0x00000000ee300000, 0x0000000100000000)
  eden space 147968K, 0% used [0x00000000e0000000,0x00000000e0000000,0x00000000e9080000)
  from space 13824K, 69% used [0x00000000e9d80000,0x00000000ea6f0818,0x00000000eab00000)
  to   space 13312K, 0% used [0x00000000e9080000,0x00000000e9080000,0x00000000e9d80000)
 ParOldGen       total 112128K, used 11536K [0x00000000a0000000, 0x00000000a6d80000, 0x00000000e0000000)
  object space 112128K, 10% used [0x00000000a0000000,0x00000000a0b44118,0x00000000a6d80000)
 Metaspace       used 34623K, capacity 35238K, committed 35416K, reserved 1079296K
  class space    used 4757K, capacity 4944K, committed 4992K, reserved 1048576K
}
Event: 3.143 GC heap before
{Heap before GC invocations=8 (full 2):
 PSYoungGen      total 161792K, used 9666K [0x00000000e0000000, 0x00000000ee300000, 0x0000000100000000)
  eden space 147968K, 0% used [0x00000000e0000000,0x00000000e0000000,0x00000000e9080000)
  from space 13824K, 69% used [0x00000000e9d80000,0x00000000ea6f0818,0x00000000eab00000)
  to   space 13312K, 0% used [0x00000000e9080000,0x00000000e9080000,0x00000000e9d80000)
 ParOldGen       total 112128K, used 11536K [0x00000000a0000000, 0x00000000a6d80000, 0x00000000e0000000)
  object space 112128K, 10% used [0x00000000a0000000,0x00000000a0b44118,0x00000000a6d80000)
 Metaspace       used 34623K, capacity 35238K, committed 35416K, reserved 1079296K
  class space    used 4757K, capacity 4944K, committed 4992K, reserved 1048576K
Event: 3.188 GC heap after
Heap after GC invocations=8 (full 2):
 PSYoungGen      total 161792K, used 0K [0x00000000e0000000, 0x00000000ee300000, 0x0000000100000000)
  eden space 147968K, 0% used [0x00000000e0000000,0x00000000e0000000,0x00000000e9080000)
  from space 13824K, 0% used [0x00000000e9d80000,0x00000000e9d80000,0x00000000eab00000)
  to   space 13312K, 0% used [0x00000000e9080000,0x00000000e9080000,0x00000000e9d80000)
 ParOldGen       total 172544K, used 17144K [0x00000000a0000000, 0x00000000aa880000, 0x00000000e0000000)
  object space 172544K, 9% used [0x00000000a0000000,0x00000000a10be3a8,0x00000000aa880000)
 Metaspace       used 34603K, capacity 35172K, committed 35416K, reserved 1079296K
  class space    used 4751K, capacity 4933K, committed 4992K, reserved 1048576K
}
Event: 4.280 GC heap before
{Heap before GC invocations=9 (full 2):
 PSYoungGen      total 161792K, used 147968K [0x00000000e0000000, 0x00000000ee300000, 0x0000000100000000)
  eden space 147968K, 100% used [0x00000000e0000000,0x00000000e9080000,0x00000000e9080000)
  from space 13824K, 0% used [0x00000000e9d80000,0x00000000e9d80000,0x00000000eab00000)
  to   space 13312K, 0% used [0x00000000e9080000,0x00000000e9080000,0x00000000e9d80000)
 ParOldGen       total 172544K, used 17152K [0x00000000a0000000, 0x00000000aa880000, 0x00000000e0000000)
  object space 172544K, 9% used [0x00000000a0000000,0x00000000a10c01e0,0x00000000aa880000)
 Metaspace       used 47970K, capacity 49164K, committed 49368K, reserved 1091584K
  class space    used 6476K, capacity 6793K, committed 6912K, reserved 1048576K
Event: 4.293 GC heap after
Heap after GC invocations=9 (full 2):
 PSYoungGen      total 161280K, used 13289K [0x00000000e0000000, 0x00000000ef080000, 0x0000000100000000)
  eden space 147968K, 0% used [0x00000000e0000000,0x00000000e0000000,0x00000000e9080000)
  from space 13312K, 99% used [0x00000000e9080000,0x00000000e9d7a628,0x00000000e9d80000)
  to   space 17408K, 0% used [0x00000000edf80000,0x00000000edf80000,0x00000000ef080000)
 ParOldGen       total 172544K, used 22237K [0x00000000a0000000, 0x00000000aa880000, 0x00000000e0000000)
  object space 172544K, 12% used [0x00000000a0000000,0x00000000a15b7660,0x00000000aa880000)
 Metaspace       used 47970K, capacity 49164K, committed 49368K, reserved 1091584K
  class space    used 6476K, capacity 6793K, committed 6912K, reserved 1048576K
}

Deoptimization events (10 events):
Event: 3.705 Thread 0x000000001b2bb000 Uncommon trap: reason=unstable_if action=reinterpret pc=0x0000000003631228 method=org.objectweb.asm.ByteVector.putUTF8(Ljava/lang/String;)Lorg/objectweb/asm/ByteVector; @ 93
Event: 3.769 Thread 0x000000001b2bb000 Uncommon trap: reason=unstable_if action=reinterpret pc=0x00000000035a7570 method=org.objectweb.asm.ByteVector.putUTF8(Ljava/lang/String;)Lorg/objectweb/asm/ByteVector; @ 93
Event: 3.936 Thread 0x000000001b2bb000 Uncommon trap: reason=unstable_if action=reinterpret pc=0x000000000364e560 method=org.gradle.internal.reflect.PropertyAccessorType.of(Ljava/lang/reflect/Method;)Lorg/gradle/internal/reflect/PropertyAccessorType; @ 56
Event: 3.990 Thread 0x000000001b2bb000 Uncommon trap: reason=unstable_if action=reinterpret pc=0x00000000036afde8 method=org.codehaus.groovy.runtime.metaclass.MetaMethodIndex.isNonRealMethod(Lgroovy/lang/MetaMethod;)Z @ 4
Event: 3.990 Thread 0x000000001b2bb000 Uncommon trap: reason=unstable_if action=reinterpret pc=0x000000000394e998 method=groovy.lang.MetaClassImpl$1MOPIter.methodNameAction(Ljava/lang/Class;Lorg/codehaus/groovy/runtime/metaclass/MetaMethodIndex$Entry;)V @ 182
Event: 4.001 Thread 0x000000001b2bb000 Uncommon trap: reason=unstable_if action=reinterpret pc=0x0000000003ab3104 method=java.lang.ClassLoader.checkCerts(Ljava/lang/String;Ljava/security/CodeSource;)V @ 29
Event: 4.002 Thread 0x000000001b2bb000 Uncommon trap: reason=unstable_if action=reinterpret pc=0x0000000003a89e88 method=java.lang.ClassLoader.postDefineClass(Ljava/lang/Class;Ljava/security/ProtectionDomain;)V @ 4
Event: 4.063 Thread 0x000000001b2bb000 Uncommon trap: reason=unstable_if action=reinterpret pc=0x000000000390182c method=java.util.WeakHashMap.put(Ljava/lang/Object;Ljava/lang/Object;)Ljava/lang/Object; @ 59
Event: 4.120 Thread 0x000000001b2bb000 Uncommon trap: reason=unstable_if action=reinterpret pc=0x0000000003a7b730 method=org.gradle.internal.instantiation.AbstractClassGenerator$InjectionAnnotationValidator.validateMethod(Ljava/lang/reflect/Method;Lorg/gradle/internal/reflect/PropertyAccessorT
Event: 4.262 Thread 0x000000001b2bb000 Uncommon trap: reason=unstable_if action=reinterpret pc=0x0000000003376f24 method=java.lang.String.lastIndexOf([CII[CIII)I @ 17

Classes redefined (0 events):
No events

Internal exceptions (10 events):
Event: 4.081 Thread 0x000000001b2bb000 Exception <a 'java/lang/ClassNotFoundException': org/gradle/api/internal/file/CompositeFileTreeCustomizer> (0x00000000e7dbd5e0) thrown at [D:\src\AOSP-openjdk-cygwin\jdk8u\hotspot\src\share\vm\classfile\systemDictionary.cpp, line 210]
Event: 4.081 Thread 0x000000001b2bb000 Exception <a 'java/lang/ClassNotFoundException': org/gradle/api/internal/file/collections/DefaultConfigurableFileTreeCustomizer> (0x00000000e7e0b898) thrown at [D:\src\AOSP-openjdk-cygwin\jdk8u\hotspot\src\share\vm\classfile\systemDictionary.cpp, line 210
Event: 4.190 Thread 0x000000001b2bb000 Exception <a 'java/lang/ClassNotFoundException': org/gradle/api/plugins/internal/DefaultBasePluginConventionBeanInfo> (0x00000000e86ccd10) thrown at [D:\src\AOSP-openjdk-cygwin\jdk8u\hotspot\src\share\vm\classfile\systemDictionary.cpp, line 210]
Event: 4.191 Thread 0x000000001b2bb000 Exception <a 'java/lang/ClassNotFoundException': org/gradle/api/plugins/BasePluginConventionBeanInfo> (0x00000000e86f2970) thrown at [D:\src\AOSP-openjdk-cygwin\jdk8u\hotspot\src\share\vm\classfile\systemDictionary.cpp, line 210]
Event: 4.191 Thread 0x000000001b2bb000 Exception <a 'java/lang/ClassNotFoundException': org/gradle/api/plugins/BasePluginConventionCustomizer> (0x00000000e8718f28) thrown at [D:\src\AOSP-openjdk-cygwin\jdk8u\hotspot\src\share\vm\classfile\systemDictionary.cpp, line 210]
Event: 4.192 Thread 0x000000001b2bb000 Exception <a 'java/lang/ClassNotFoundException': org/gradle/api/plugins/internal/DefaultBasePluginConventionCustomizer> (0x00000000e8758890) thrown at [D:\src\AOSP-openjdk-cygwin\jdk8u\hotspot\src\share\vm\classfile\systemDictionary.cpp, line 210]
Event: 4.196 Thread 0x000000001b2bb000 Exception <a 'java/lang/NoSuchMethodError': java.lang.Object.lambda$comparing$77a9974f$1(Ljava/util/function/Function;Ljava/lang/Object;Ljava/lang/Object;)I> (0x00000000e87d2310) thrown at [D:\src\AOSP-openjdk-cygwin\jdk8u\hotspot\src\share\vm\interpreter
Event: 4.197 Thread 0x000000001b2bb000 Exception <a 'java/lang/NoSuchMethodError': java.lang.Object.lambda$comparingInt$7b0bb60$1(Ljava/util/function/ToIntFunction;Ljava/lang/Object;Ljava/lang/Object;)I> (0x00000000e87dc848) thrown at [D:\src\AOSP-openjdk-cygwin\jdk8u\hotspot\src\share\vm\inte
Event: 4.197 Thread 0x000000001b2bb000 Exception <a 'java/lang/NoSuchMethodError': java.lang.Object.lambda$thenComparing$36697e65$1(Ljava/util/Comparator;Ljava/lang/Object;Ljava/lang/Object;)I> (0x00000000e87e53d0) thrown at [D:\src\AOSP-openjdk-cygwin\jdk8u\hotspot\src\share\vm\interpreter\li
Event: 4.198 Thread 0x000000001b2bb000 Exception <a 'java/lang/NoSuchMethodError': java.lang.Object.lambda$comparing$ea9a8b3a$1(Ljava/util/Comparator;Ljava/util/function/Function;Ljava/lang/Object;Ljava/lang/Object;)I> (0x00000000e87f2db8) thrown at [D:\src\AOSP-openjdk-cygwin\jdk8u\hotspot\sr

Events (10 events):
Event: 4.357 loading class kotlin/reflect/jvm/internal/impl/protobuf/GeneratedMessageLite$Builder
Event: 4.357 loading class kotlin/reflect/jvm/internal/impl/protobuf/GeneratedMessageLite$Builder done
Event: 4.357 loading class kotlin/reflect/jvm/internal/impl/protobuf/AbstractMessageLite$Builder
Event: 4.357 loading class kotlin/reflect/jvm/internal/impl/protobuf/AbstractMessageLite$Builder done
Event: 4.358 loading class kotlin/reflect/jvm/internal/impl/protobuf/UninitializedMessageException
Event: 4.358 loading class kotlin/reflect/jvm/internal/impl/protobuf/UninitializedMessageException done
Event: 4.358 loading class kotlin/reflect/jvm/internal/impl/protobuf/RopeByteString
Event: 4.358 loading class kotlin/reflect/jvm/internal/impl/protobuf/RopeByteString done
Event: 4.359 loading class kotlin/reflect/jvm/internal/impl/protobuf/RopeByteString$RopeInputStream
Event: 4.359 loading class kotlin/reflect/jvm/internal/impl/protobuf/RopeByteString$RopeInputStream done


Dynamic libraries:
0x00007ff6f5570000 - 0x00007ff6f55a1000 	C:\Program Files\Android\Android Studio\jre\bin\java.exe
0x00007ffab7820000 - 0x00007ffab7a10000 	C:\WINDOWS\SYSTEM32\ntdll.dll
0x00007ffab6ea0000 - 0x00007ffab6f52000 	C:\WINDOWS\System32\KERNEL32.DLL
0x00007ffab5620000 - 0x00007ffab58c3000 	C:\WINDOWS\System32\KERNELBASE.dll
0x00007ffab5950000 - 0x00007ffab59f3000 	C:\WINDOWS\System32\ADVAPI32.dll
0x00007ffab7730000 - 0x00007ffab77ce000 	C:\WINDOWS\System32\msvcrt.dll
0x00007ffab75b0000 - 0x00007ffab7647000 	C:\WINDOWS\System32\sechost.dll
0x00007ffab70a0000 - 0x00007ffab71c0000 	C:\WINDOWS\System32\RPCRT4.dll
0x00007ffab5a10000 - 0x00007ffab5ba4000 	C:\WINDOWS\System32\USER32.dll
0x00007ffab5150000 - 0x00007ffab5171000 	C:\WINDOWS\System32\win32u.dll
0x00007ffab7650000 - 0x00007ffab7676000 	C:\WINDOWS\System32\GDI32.dll
0x00007ffab4830000 - 0x00007ffab49c4000 	C:\WINDOWS\System32\gdi32full.dll
0x00007ffab5230000 - 0x00007ffab52ce000 	C:\WINDOWS\System32\msvcp_win.dll
0x00007ffab54f0000 - 0x00007ffab55ea000 	C:\WINDOWS\System32\ucrtbase.dll
0x00007ffaa81c0000 - 0x00007ffaa8445000 	C:\WINDOWS\WinSxS\amd64_microsoft.windows.common-controls_6595b64144ccf1df_6.0.18362.592_none_e6c0b1911312be02\COMCTL32.dll
0x00007ffab6a00000 - 0x00007ffab6d36000 	C:\WINDOWS\System32\combase.dll
0x00007ffab47b0000 - 0x00007ffab4830000 	C:\WINDOWS\System32\bcryptPrimitives.dll
0x00007ffab7700000 - 0x00007ffab772e000 	C:\WINDOWS\System32\IMM32.DLL
0x000000006f2c0000 - 0x000000006f392000 	C:\Program Files\Android\Android Studio\jre\jre\bin\msvcr100.dll
0x000000006f480000 - 0x000000006fcc6000 	C:\Program Files\Android\Android Studio\jre\jre\bin\server\jvm.dll
0x00007ffab77d0000 - 0x00007ffab77d8000 	C:\WINDOWS\System32\PSAPI.DLL
0x00007ffab08a0000 - 0x00007ffab08a9000 	C:\WINDOWS\SYSTEM32\WSOCK32.dll
0x00007ffaaefe0000 - 0x00007ffaaefea000 	C:\WINDOWS\SYSTEM32\VERSION.dll
0x00007ffaa80b0000 - 0x00007ffaa80d4000 	C:\WINDOWS\SYSTEM32\WINMM.dll
0x00007ffab60f0000 - 0x00007ffab615f000 	C:\WINDOWS\System32\WS2_32.dll
0x00007ffaa77a0000 - 0x00007ffaa77cd000 	C:\WINDOWS\SYSTEM32\WINMMBASE.dll
0x00007ffab5330000 - 0x00007ffab537a000 	C:\WINDOWS\System32\cfgmgr32.dll
0x00007ffab0390000 - 0x00007ffab039f000 	C:\Program Files\Android\Android Studio\jre\jre\bin\verify.dll
0x00007ffaa0480000 - 0x00007ffaa04a9000 	C:\Program Files\Android\Android Studio\jre\jre\bin\java.dll
0x00007ffaa1730000 - 0x00007ffaa1746000 	C:\Program Files\Android\Android Studio\jre\jre\bin\zip.dll
0x00007ffab6160000 - 0x00007ffab6845000 	C:\WINDOWS\System32\SHELL32.dll
0x00007ffab71c0000 - 0x00007ffab7269000 	C:\WINDOWS\System32\shcore.dll
0x00007ffab49d0000 - 0x00007ffab514f000 	C:\WINDOWS\System32\windows.storage.dll
0x00007ffab4700000 - 0x00007ffab471f000 	C:\WINDOWS\System32\profapi.dll
0x00007ffab4720000 - 0x00007ffab476a000 	C:\WINDOWS\System32\powrprof.dll
0x00007ffab46f0000 - 0x00007ffab4700000 	C:\WINDOWS\System32\UMPDC.dll
0x00007ffab7270000 - 0x00007ffab72c2000 	C:\WINDOWS\System32\shlwapi.dll
0x00007ffab4790000 - 0x00007ffab47a1000 	C:\WINDOWS\System32\kernel.appcore.dll
0x00007ffab54d0000 - 0x00007ffab54e7000 	C:\WINDOWS\System32\cryptsp.dll
0x00007ffaa01c0000 - 0x00007ffaa01da000 	C:\Program Files\Android\Android Studio\jre\jre\bin\net.dll
0x00007ffab3f60000 - 0x00007ffab3fc7000 	C:\WINDOWS\system32\mswsock.dll
0x00007ffaa01a0000 - 0x00007ffaa01b1000 	C:\Program Files\Android\Android Studio\jre\jre\bin\nio.dll
0x00007ffa98670000 - 0x00007ffa98696000 	C:\Users\Roy Hendel\.gradle\native\29\windows-amd64\native-platform.dll
0x00007ffaaf6c0000 - 0x00007ffaaf6cd000 	C:\Program Files\Android\Android Studio\jre\jre\bin\management.dll
0x00007ffab3ad0000 - 0x00007ffab3b03000 	C:\WINDOWS\system32\rsaenh.dll
0x00007ffab55f0000 - 0x00007ffab5616000 	C:\WINDOWS\System32\bcrypt.dll
0x00007ffab45e0000 - 0x00007ffab4605000 	C:\WINDOWS\SYSTEM32\USERENV.dll
0x00007ffab4130000 - 0x00007ffab413c000 	C:\WINDOWS\SYSTEM32\CRYPTBASE.dll
0x00007ffab3c70000 - 0x00007ffab3caa000 	C:\WINDOWS\SYSTEM32\IPHLPAPI.DLL
0x00007ffab5a00000 - 0x00007ffab5a08000 	C:\WINDOWS\System32\NSI.dll
0x00007ffaaeaa0000 - 0x00007ffaaeab6000 	C:\WINDOWS\SYSTEM32\dhcpcsvc6.DLL
0x00007ffaaf1e0000 - 0x00007ffaaf1fc000 	C:\WINDOWS\SYSTEM32\dhcpcsvc.DLL
0x00007ffab3cb0000 - 0x00007ffab3d7a000 	C:\WINDOWS\SYSTEM32\DNSAPI.dll

VM Arguments:
jvm_args: -Xmx1536m -Dfile.encoding=windows-1252 -Duser.country=US -Duser.language=en -Duser.variant 
java_command: org.gradle.launcher.daemon.bootstrap.GradleDaemon 5.4.1
java_class_path (initial): C:\Users\Roy Hendel\.gradle\wrapper\dists\gradle-5.4.1-all\3221gyojl5jsh0helicew7rwx\gradle-5.4.1\lib\gradle-launcher-5.4.1.jar
Launcher Type: SUN_STANDARD

Environment Variables:
PATH=C:\Program Files (x86)\Razer Chroma SDK\bin;C:\Program Files\Razer Chroma SDK\bin;C:\WINDOWS\system32;C:\WINDOWS;C:\WINDOWS\System32\Wbem;C:\WINDOWS\System32\WindowsPowerShell\v1.0\;C:\WINDOWS\System32\OpenSSH\;C:\Program Files (x86)\NVIDIA Corporation\PhysX\Common;C:\Program Files\dotnet\;C:\WINDOWS\system32\config\systemprofile\.dnx\bin;C:\Program Files\Microsoft DNX\Dnvm\;C:\Program Files\Microsoft SQL Server\130\Tools\Binn\;C:\Python27;C:\Users\Roy Hendel\AppData\Local\Microsoft\WindowsApps;C:\Users\Roy Hendel\.dotnet\tools;C:\Program Files\NVIDIA Corporation\NVIDIA NvDLISR;%SystemRoot%\system32;%SystemRoot%;%SystemRoot%\System32\Wbem;%SYSTEMROOT%\System32\WindowsPowerShell\v1.0\;%SYSTEMROOT%\System32\OpenSSH\;C:\Users\Roy Hendel\AppData\Local\Programs\Python\Python38-32\Scripts\;C:\Users\Roy Hendel\AppData\Local\Programs\Python\Python38-32\;C:\Users\Roy Hendel\AppData\Local\Microsoft\WindowsApps;C:\Users\Roy Hendel\AppData\Local\GitHubDesktop\bin
USERNAME=Roy Hendel
OS=Windows_NT
PROCESSOR_IDENTIFIER=Intel64 Family 6 Model 94 Stepping 3, GenuineIntel



---------------  S Y S T E M  ---------------

OS: Windows 10.0 , 64 bit Build 18362 (10.0.18362.329)

CPU:total 8 (initial active 8) (4 cores per cpu, 2 threads per core) family 6 model 94 stepping 3, cmov, cx8, fxsr, mmx, sse, sse2, sse3, ssse3, sse4.1, sse4.2, popcnt, avx, avx2, aes, clmul, erms, rtm, 3dnowpref, lzcnt, ht, tsc, tscinvbit, bmi1, bmi2, adx

Memory: 4k page, physical 16735936k(2798672k free), swap 21656908k(5788k free)

vm_info: OpenJDK 64-Bit Server VM (25.202-b03) for windows-amd64 JRE (1.8.0_202-release-1483-b03), built by "builder" with MS VC++ 10.0 (VS2010)

time: Fri Jan 31 17:17:35 2020
timezone: GTB Standard Time
elapsed time: 4 seconds (0d 0h 0m 4s)

